<?xml version="1.0" encoding="UTF-8"?>
<!-- Generated by org.testng.reporters.JUnitReportReporter -->
<testsuite skipped="1" hostname="DESKTOP-CBLEUAT" name="com.runner.GCRRunner" tests="1" failures="0" timestamp="08 Mar 2020 16:17:48 GMT" time="0.305" errors="0">
  <testcase name="runScenario" time="0.305" classname="com.runner.GCRRunner">
    <skipped/>
  </testcase> <!-- runScenario -->
</testsuite> <!-- com.runner.GCRRunner -->
