<?xml version="1.0" encoding="UTF-8"?>
<!-- Generated by org.testng.reporters.JUnitReportReporter -->
<testsuite skipped="0" hostname="DESKTOP-CBLEUAT" name="com.selenium.TestngGCR" tests="1" failures="0" timestamp="01 Mar 2020 22:20:45 GMT" time="1.430" errors="0">
  <testcase name="getLogin" time="1.430" classname="com.selenium.TestngGCR"/>
</testsuite> <!-- com.selenium.TestngGCR -->
