<?xml version="1.0" encoding="UTF-8"?>
<!-- Generated by org.testng.reporters.JUnitReportReporter -->
<testsuite skipped="0" hostname="DESKTOP-CBLEUAT" name="com.runner.Runner1" tests="1" failures="0" timestamp="08 Mar 2020 18:22:34 GMT" time="13.150" errors="0">
  <testcase name="runScenario" time="13.150" classname="com.runner.Runner1"/>
</testsuite> <!-- com.runner.Runner1 -->
